<?xml version="1.0" encoding="UTF-8"?>
<!-- Generated by org.testng.reporters.JUnitXMLReporter -->
<testsuite ignored="0" hostname="DESKTOP-N4NP63O" failures="1" tests="3" name="HrmLoginTest" time="143.871" errors="0" timestamp="2024-04-19T16:36:16 IST">
  <testcase classname="com.orangeHrm.qa.testcases.HrmLoginPageTest" name="hrmTitle" time="0.022"/>
  <testcase classname="com.orangeHrm.qa.testcases.HrmLoginPageTest" name="hrmLogo" time="2.732">
    <failure type="java.lang.AssertionError" message="expected [true] but found [false]">
      <![CDATA[java.lang.AssertionError: expected [true] but found [false]
at com.orangeHrm.qa.testcases.HrmLoginPageTest.hrmLogo(HrmLoginPageTest.java:42)
at java.base/java.util.ArrayList.forEach(ArrayList.java:1511)
... Removed 31 stack frames]]>
    </failure>
  </testcase> <!-- hrmLogo -->
  <testcase classname="com.orangeHrm.qa.testcases.HrmLoginPageTest" name="HRMLogin" time="3.846"/>
</testsuite> <!-- HrmLoginTest -->
